\BOOKMARK [1][-]{section.1}{Introduction}{}% 1
\BOOKMARK [2][-]{subsection.1.1}{The opportunity at hand}{section.1}% 2
\BOOKMARK [2][-]{subsection.1.2}{Filling the gap}{section.1}% 3
\BOOKMARK [1][-]{section.2}{Results}{}% 4
\BOOKMARK [1][-]{section.3}{Methods}{}% 5
\BOOKMARK [2][-]{subsection.3.1}{Model}{section.3}% 6
\BOOKMARK [2][-]{subsection.3.2}{Data Source}{section.3}% 7
\BOOKMARK [3][-]{subsubsection.3.2.1}{Cleaning unmasked values of 0}{subsection.3.2}% 8
\BOOKMARK [3][-]{subsubsection.3.2.2}{Cleaning edges}{subsection.3.2}% 9
\BOOKMARK [2][-]{subsection.3.3}{Descriptive analysis}{section.3}% 10
\BOOKMARK [3][-]{subsubsection.3.3.1}{Image data verification}{subsection.3.3}% 11
\BOOKMARK [3][-]{subsubsection.3.3.2}{Describing unmasked}{subsection.3.3}% 12
\BOOKMARK [3][-]{subsubsection.3.3.3}{Preliminary trends}{subsection.3.3}% 13
\BOOKMARK [2][-]{subsection.3.4}{Testing assumptions}{section.3}% 14
\BOOKMARK [3][-]{subsubsection.3.4.1}{Synapse distribution uniformity}{subsection.3.4}% 15
\BOOKMARK [3][-]{subsubsection.3.4.2}{Identically and independently distributed \(i.i.d.\)}{subsection.3.4}% 16
\BOOKMARK [2][-]{subsection.3.5}{Exploratory analysis}{section.3}% 17
\BOOKMARK [3][-]{subsubsection.3.5.1}{BIC curves for multiple z values}{subsection.3.5}% 18
\BOOKMARK [3][-]{subsubsection.3.5.2}{K-means clustering}{subsection.3.5}% 19
\BOOKMARK [1][-]{section.4}{Discussion}{}% 20
\BOOKMARK [1][-]{section.5}{Next steps}{}% 21
\BOOKMARK [1][-]{section.6}{Future implications}{}% 22
\BOOKMARK [1][-]{section.7}{References}{}% 23
\BOOKMARK [1][-]{section.8}{Figures}{}% 24
